<?xml version="1.0" encoding="UTF-8"?>
<!-- Generated by org.testng.reporters.JUnitReportReporter -->
<testsuite hostname="SAI" failures="0" tests="1" name="com.sai.automation.bussinessscripts.InstTest" time="4.893" errors="0" timestamp="2022-02-09T17:54:34 IST" skipped="0">
  <testcase classname="com.sai.automation.bussinessscripts.InstTest" name="InstDemo" time="4.893"/>
  <system-out/>
</testsuite> <!-- com.sai.automation.bussinessscripts.InstTest -->
